app/build/intermediates/manifest_merge_blame_file/debug/manifest-merger-blame-debug-report.txt
1<?xml version="1.0" encoding="utf-8"?>
2<manifest xmlns:android="http://schemas.android.com/apk/res/android"
3    package="com.example.ptuts3androidapp"
4    android:versionCode="1"
5    android:versionName="1.0" >
6
7    <uses-sdk
8        android:minSdkVersion="21"
8-->src\main\AndroidManifest.xml
9        android:targetSdkVersion="30" />
9-->src\main\AndroidManifest.xml
10
11    <uses-permission android:name="android.permission.WRITE_EXTERNAL_STORAGE" />
11-->src\main\AndroidManifest.xml:5:5-81
11-->src\main\AndroidManifest.xml:5:22-78
12    <uses-permission android:name="android.permission.READ_EXTERNAL_STORAGE" />
12-->src\main\AndroidManifest.xml:6:5-80
12-->src\main\AndroidManifest.xml:6:22-77
13
14    <uses-feature android:name="android.hardware.camera" />
14-->src\main\AndroidManifest.xml:7:5-60
14-->src\main\AndroidManifest.xml:7:19-57
15
16    <uses-permission android:name="android.permission.CAMERA" />
16-->src\main\AndroidManifest.xml:8:5-65
16-->src\main\AndroidManifest.xml:8:22-62
17
18    <application
18-->src\main\AndroidManifest.xml:9:5-24:19
19        android:allowBackup="true"
19-->src\main\AndroidManifest.xml:10:9-35
20        android:appComponentFactory="androidx.core.app.CoreComponentFactory"
20-->[androidx.core:core:1.5.0] AndroidManifest.xml:24:18-86
21        android:debuggable="true"
22        android:icon="@mipmap/ic_launcher"
22-->src\main\AndroidManifest.xml:11:9-43
23        android:label="@string/app_name"
23-->src\main\AndroidManifest.xml:12:9-41
24        android:roundIcon="@mipmap/ic_launcher_round"
24-->src\main\AndroidManifest.xml:13:9-54
25        android:supportsRtl="true"
25-->src\main\AndroidManifest.xml:14:9-35
26        android:testOnly="true"
27        android:theme="@style/Theme.PtutS3AndroidApp" >
27-->src\main\AndroidManifest.xml:15:9-54
28        <activity android:name="com.example.ptuts3androidapp.MainActivity" >
28-->src\main\AndroidManifest.xml:17:9-23:20
28-->src\main\AndroidManifest.xml:17:19-47
29            <intent-filter>
29-->src\main\AndroidManifest.xml:18:13-22:29
30                <action android:name="android.intent.action.MAIN" />
30-->src\main\AndroidManifest.xml:19:17-69
30-->src\main\AndroidManifest.xml:19:25-66
31
32                <category android:name="android.intent.category.LAUNCHER" />
32-->src\main\AndroidManifest.xml:21:17-77
32-->src\main\AndroidManifest.xml:21:27-74
33            </intent-filter>
34        </activity>
35    </application>
36
37</manifest>